[2026-05-26T22:43:47.754Z] Batch start: 20 airport(s) (dry run) — #1 ATL, #2 DXB, #3 DFW, #5 HND, #6 DEN, #7 IST, #9 ORD, #10 DEL, #11 CDG, #12 AMS, #13 FRA, #15 CAN, #16 ICN, #17 MIA, #19 SIN, #20 MAD, #22 PHX, #23 SFO, #24 SEA, #25 EWR
[2026-05-26T22:44:08.850Z] Batch start: 5 airport(s) (dry run) — #1 ATL, #2 DXB, #3 DFW, #5 HND, #6 DEN

> travelguide@0.1.0 generate:airports /home/m/travelguide
> tsx --env-file-if-exists=.env.local scripts/generate-airports-batch.ts --limit 15

Batch start: 15 airport(s) — #1 ATL, #2 DXB, #3 DFW, #5 HND, #6 DEN, #7 IST, #9 ORD, #10 DEL, #11 CDG, #12 AMS, #13 FRA, #15 CAN, #16 ICN, #17 MIA, #19 SIN
[2026-05-26T22:44:12.936Z] Batch start: 15 airport(s) — #1 ATL, #2 DXB, #3 DFW, #5 HND, #6 DEN, #7 IST, #9 ORD, #10 DEL, #11 CDG, #12 AMS, #13 FRA, #15 CAN, #16 ICN, #17 MIA, #19 SIN
Generating #1 ATL (Hartsfield-Jackson Atlanta International Airport)…
[2026-05-26T22:44:12.938Z] Generating #1 ATL (Hartsfield-Jackson Atlanta International Airport)…
✅ Generated /home/m/travelguide/content/airports/atl.md
⚠️  Please review carefully for accuracy before committing.
Generating #2 DXB (Dubai International Airport)…
[2026-05-26T22:44:25.632Z] Generating #2 DXB (Dubai International Airport)…
✅ Generated /home/m/travelguide/content/airports/dxb.md
⚠️  Please review carefully for accuracy before committing.
Generating #3 DFW (Dallas/Fort Worth International Airport)…
[2026-05-26T22:44:35.909Z] Generating #3 DFW (Dallas/Fort Worth International Airport)…
✅ Generated /home/m/travelguide/content/airports/dfw.md
⚠️  Please review carefully for accuracy before committing.
Generating #5 HND (Haneda Airport)…
[2026-05-26T22:44:46.664Z] Generating #5 HND (Haneda Airport)…
✅ Generated /home/m/travelguide/content/airports/hnd.md
⚠️  Please review carefully for accuracy before committing.
Generating #6 DEN (Denver International Airport)…
[2026-05-26T22:44:59.376Z] Generating #6 DEN (Denver International Airport)…
✅ Generated /home/m/travelguide/content/airports/den.md
⚠️  Please review carefully for accuracy before committing.
Generating #7 IST (Istanbul Airport)…
[2026-05-26T22:45:11.470Z] Generating #7 IST (Istanbul Airport)…
✅ Generated /home/m/travelguide/content/airports/ist.md
⚠️  Please review carefully for accuracy before committing.
Generating #9 ORD (O'Hare International Airport)…
[2026-05-26T22:45:24.129Z] Generating #9 ORD (O'Hare International Airport)…
✅ Generated /home/m/travelguide/content/airports/ord.md
⚠️  Please review carefully for accuracy before committing.
Generating #10 DEL (Indira Gandhi International Airport)…
[2026-05-26T22:45:36.125Z] Generating #10 DEL (Indira Gandhi International Airport)…
✅ Generated /home/m/travelguide/content/airports/del.md
⚠️  Please review carefully for accuracy before committing.
Generating #11 CDG (Paris Charles de Gaulle Airport)…
[2026-05-26T22:45:56.810Z] Generating #11 CDG (Paris Charles de Gaulle Airport)…
✅ Generated /home/m/travelguide/content/airports/cdg.md
⚠️  Please review carefully for accuracy before committing.
Generating #12 AMS (Amsterdam Airport Schiphol)…
[2026-05-26T22:46:10.225Z] Generating #12 AMS (Amsterdam Airport Schiphol)…
✅ Generated /home/m/travelguide/content/airports/ams.md
⚠️  Please review carefully for accuracy before committing.
Generating #13 FRA (Frankfurt am Main Airport)…
[2026-05-26T22:46:22.688Z] Generating #13 FRA (Frankfurt am Main Airport)…
✅ Generated /home/m/travelguide/content/airports/fra.md
⚠️  Please review carefully for accuracy before committing.
Generating #15 CAN (Guangzhou Baiyun International Airport)…
[2026-05-26T22:46:42.140Z] Generating #15 CAN (Guangzhou Baiyun International Airport)…
✅ Generated /home/m/travelguide/content/airports/can.md
⚠️  Please review carefully for accuracy before committing.
Generating #16 ICN (Incheon International Airport)…
[2026-05-26T22:46:55.270Z] Generating #16 ICN (Incheon International Airport)…
✅ Generated /home/m/travelguide/content/airports/icn.md
⚠️  Please review carefully for accuracy before committing.
Generating #17 MIA (Miami International Airport)…
[2026-05-26T22:47:07.497Z] Generating #17 MIA (Miami International Airport)…
✅ Generated /home/m/travelguide/content/airports/mia.md
⚠️  Please review carefully for accuracy before committing.
Generating #19 SIN (Singapore Changi Airport)…
[2026-05-26T22:47:19.843Z] Generating #19 SIN (Singapore Changi Airport)…
✅ Generated /home/m/travelguide/content/airports/sin.md
⚠️  Please review carefully for accuracy before committing.
Batch complete: 15 succeeded, 0 failed.
[2026-05-26T22:47:30.037Z] Batch complete: 15 succeeded, 0 failed.
