[2026-07-10T08:56:39.377Z] Starting rebuild of 1 airports via xai/grok-4.5 (concurrency 3)
[2026-07-10T08:57:02.394Z] ↻ PHL attempt 1 failed, retrying: model output failed schema validation: amenities: Too small: expected array to have >=4 items; tips: Too small: expected array to have >=3 items
[2026-07-10T08:57:22.889Z] ❌ PHL failed after 2 attempts: model output failed schema validation: amenities: Too small: expected array to have >=4 items; tips: Too small: expected array to have >=3 items
[2026-07-10T08:57:22.902Z] Done: 0/1 rebuilt, 1 failed, 0 tokens used
[2026-07-10T08:57:22.903Z] Failed airports: PHL
[2026-07-10T09:00:30.161Z] Starting rebuild of 1 airports via xai/grok-4.5 (concurrency 3)
[2026-07-10T09:01:00.583Z] ↻ PHL attempt 1 failed, retrying: model output failed schema validation: amenities.3.category: Invalid option: expected one of "food"|"lounge"|"wifi"|"family"|"accessibility"|"transport"|"shopping"|"sleep"
[2026-07-10T09:01:29.618Z] ✅ [1/1] PHL — Airportist Score 7.3, 47 web sources, 0.5 min (editorial-only, no Airportist Score (lastUpdated 2026-06-20))
[2026-07-10T09:01:29.628Z] Done: 1/1 rebuilt, 0 failed, 31,538 tokens used
[2026-07-10T09:02:16.372Z] Starting rebuild of 108 airports via xai/grok-4.5 (concurrency 3)
[2026-07-10T09:02:51.543Z] ✅ [1/108] RUH — Airportist Score 7.2, 41 web sources, 0.6 min (editorial-only, no Airportist Score (lastUpdated 2026-06-20))
[2026-07-10T09:02:51.707Z] ↻ RDU attempt 1 failed, retrying: model output failed schema validation: amenities.4.category: Invalid option: expected one of "food"|"lounge"|"wifi"|"family"|"accessibility"|"transport"|"shopping"|"sleep"
[2026-07-10T09:02:53.037Z] ↻ PKX attempt 1 failed, retrying: model output failed schema validation: waterOptions.0.zone: Invalid option: expected one of "airside"|"landside"
[2026-07-10T09:03:17.335Z] ❌ PKX failed after 2 attempts: model output failed schema validation: amenities: Too small: expected array to have >=4 items; tips: Too small: expected array to have >=3 items
[2026-07-10T09:03:17.568Z] ❌ RDU failed after 2 attempts: model output failed schema validation: tips: Too small: expected array to have >=3 items
[2026-07-10T09:03:25.847Z] ✅ [4/108] SAN — Airportist Score 7.3, 38 web sources, 0.6 min (editorial-only, no Airportist Score (lastUpdated 2026-06-20))
[2026-07-10T09:03:47.711Z] ↻ STN attempt 1 failed, retrying: model output failed schema validation: lounges: Too small: expected array to have >=2 items; amenities.0.category: Invalid option: expected one of "food"|"lounge"|"wifi"|"family"|"accessibility"|"transport"|"shopping"|"sleep"
[2026-07-10T09:03:53.242Z] ↻ TLV attempt 1 failed, retrying: model output failed schema validation: amenities: Too small: expected array to have >=4 items; tips: Too small: expected array to have >=3 items
[2026-07-10T09:03:57.059Z] ✅ [5/108] SCL — Airportist Score 7.2, 43 web sources, 0.7 min (editorial-only, no Airportist Score (lastUpdated 2026-06-20))
[2026-07-10T09:05:15.473Z] Starting rebuild of 105 airports via xai/grok-4.5 (concurrency 3)
[2026-07-10T09:05:44.695Z] ✅ [1/105] PKX — Airportist Score 7.6, 28 web sources, 0.5 min (editorial-only, no Airportist Score (lastUpdated 2026-06-20))
[2026-07-10T09:05:44.719Z] ✅ [2/105] RDU — Airportist Score 7.3, 39 web sources, 0.5 min (editorial-only, no Airportist Score (lastUpdated 2026-06-20))
[2026-07-10T09:05:49.912Z] ↻ STN attempt 1 failed, retrying: model output failed schema validation: lounges: Too small: expected array to have >=2 items; amenities.0.category: Invalid option: expected one of "food"|"lounge"|"wifi"|"family"|"accessibility"|"transport"|"shopping"|"sleep"
[2026-07-10T09:06:13.017Z] ✅ [3/105] TLV — Airportist Score 7.2, 40 web sources, 0.5 min (editorial-only, no Airportist Score (lastUpdated 2026-06-20))
[2026-07-10T09:06:17.142Z] ✅ [4/105] STN — Airportist Score 6.8, 52 web sources, 0.5 min (editorial-only, no Airportist Score (lastUpdated 2026-06-20))
[2026-07-10T09:06:30.590Z] ✅ [5/105] VIE — Airportist Score 8.1, 34 web sources, 0.8 min (editorial-only, no Airportist Score (lastUpdated 2026-06-20))
[2026-07-10T09:06:42.021Z] ✅ [6/105] WAW — Airportist Score 7.2, 50 web sources, 0.5 min (editorial-only, no Airportist Score (lastUpdated 2026-06-20))
[2026-07-10T09:06:50.920Z] ↻ HEL attempt 1 failed, retrying: model output failed schema validation: amenities.2.category: Invalid option: expected one of "food"|"lounge"|"wifi"|"family"|"accessibility"|"transport"|"shopping"|"sleep"
[2026-07-10T09:07:02.764Z] ✅ [7/105] NRT — Airportist Score 7.8, 36 web sources, 0.5 min (editorial-only, no Airportist Score (lastUpdated 2026-06-27))
[2026-07-10T09:07:22.116Z] ✅ [8/105] TPE — Airportist Score 7.6, 40 web sources, 0.7 min (editorial-only, no Airportist Score (lastUpdated 2026-07-01))
[2026-07-10T09:07:33.069Z] ✅ [9/105] HEL — Airportist Score 7.6, 47 web sources, 0.7 min (editorial-only, no Airportist Score (lastUpdated 2026-06-27))
[2026-07-10T09:07:40.395Z] ↻ ARN attempt 1 failed, retrying: model output failed schema validation: amenities.0.category: Invalid option: expected one of "food"|"lounge"|"wifi"|"family"|"accessibility"|"transport"|"shopping"|"sleep"
[2026-07-10T09:07:51.841Z] ✅ [10/105] AUH — Airportist Score 7.8, 39 web sources, 0.5 min (editorial-only, no Airportist Score (lastUpdated 2026-07-04))
[2026-07-10T09:08:10.384Z] ✅ [11/105] ARN — Airportist Score 7.6, 38 web sources, 0.5 min (editorial-only, no Airportist Score (lastUpdated 2026-07-04))
[2026-07-10T09:08:14.726Z] ↻ BER attempt 1 failed, retrying: model output failed schema validation: no JSON object found in model response
[2026-07-10T09:08:34.805Z] ✅ [12/105] BOG — Airportist Score 7.2, 43 web sources, 0.7 min (editorial-only, no Airportist Score (lastUpdated 2026-07-04))
[2026-07-10T09:08:39.761Z] ✅ [13/105] CGN — Airportist Score 7.3, 48 web sources, 0.5 min (editorial-only, no Airportist Score (lastUpdated 2026-07-04))
[2026-07-10T09:08:59.082Z] ↻ BER attempt 2 failed, retrying: model output failed schema validation: amenities.0.category: Invalid option: expected one of "food"|"lounge"|"wifi"|"family"|"accessibility"|"transport"|"shopping"|"sleep"; amenities.1.category: Invalid option: expected one of "food"|"lounge"|"wifi"|"family"|"accessibility"|"transport"|"shopping"|"sleep"
[2026-07-10T09:09:05.520Z] ✅ [14/105] CPH — Airportist Score 7.8, 32 web sources, 0.5 min (editorial-only, no Airportist Score (lastUpdated 2026-07-04))
[2026-07-10T09:09:07.743Z] ↻ HAM attempt 1 failed, retrying: model output failed schema validation: amenities.0.category: Invalid option: expected one of "food"|"lounge"|"wifi"|"family"|"accessibility"|"transport"|"shopping"|"sleep"
[2026-07-10T09:09:46.596Z] ✅ [15/105] BER — Airportist Score 7.2, 48 web sources, 0.8 min (editorial-only, no Airportist Score (lastUpdated 2026-07-04))
[2026-07-10T09:09:48.943Z] ↻ ZRH attempt 1 failed, retrying: model output failed schema validation: no JSON object found in model response
[2026-07-10T09:09:52.841Z] ✅ [16/105] HAM — Airportist Score 7.3, 32 web sources, 0.8 min (editorial-only, no Airportist Score (lastUpdated 2026-07-04))
[2026-07-10T09:10:19.666Z] ↻ ZRH attempt 2 failed, retrying: model output failed schema validation: amenities.2.category: Invalid option: expected one of "food"|"lounge"|"wifi"|"family"|"accessibility"|"transport"|"shopping"|"sleep"
[2026-07-10T09:10:19.760Z] ↻ AGP attempt 1 failed, retrying: model output failed schema validation: lounges: Too small: expected array to have >=2 items; amenities.0.category: Invalid option: expected one of "food"|"lounge"|"wifi"|"family"|"accessibility"|"transport"|"shopping"|"sleep"; amenities.3.category: Invalid option: expected one of "food"|"lounge"|"wifi"|"family"|"accessibility"|"transport"|"shopping"|"sleep"
[2026-07-10T09:10:30.924Z] ✅ [17/105] CAI — Airportist Score 6.8, 45 web sources, 0.6 min (editorial-only, no Airportist Score (lastUpdated 2026-07-07))
[2026-07-10T09:10:48.536Z] ✅ [18/105] ZRH — Airportist Score 7.6, 51 web sources, 0.5 min (editorial-only, no Airportist Score (lastUpdated 2026-07-04))
[2026-07-10T09:10:56.550Z] ✅ [19/105] CUN — Airportist Score 7.2, 34 web sources, 0.4 min (editorial-only, no Airportist Score (lastUpdated 2026-07-07))
[2026-07-10T09:11:02.061Z] ✅ [20/105] AGP — Airportist Score 7.2, 51 web sources, 0.7 min (editorial-only, no Airportist Score (lastUpdated 2026-07-07))
[2026-07-10T09:11:27.127Z] ✅ [21/105] BRU — Airportist Score 7.2, 37 web sources, 0.5 min (editorial-only, no Airportist Score (lastUpdated 2026-07-07))
[2026-07-10T09:11:27.504Z] ↻ GVA attempt 1 failed, retrying: model output failed schema validation: amenities.0.category: Invalid option: expected one of "food"|"lounge"|"wifi"|"family"|"accessibility"|"transport"|"shopping"|"sleep"
[2026-07-10T09:11:37.329Z] ✅ [22/105] KIX — Airportist Score 7.3, 37 web sources, 0.6 min (editorial-only, no Airportist Score (lastUpdated 2026-07-07))
[2026-07-10T09:11:50.109Z] ↻ GVA attempt 2 failed, retrying: model output failed schema validation: amenities.1.category: Invalid option: expected one of "food"|"lounge"|"wifi"|"family"|"accessibility"|"transport"|"shopping"|"sleep"
[2026-07-10T09:11:54.785Z] ✅ [23/105] AUS — Airportist Score 7.2, 41 web sources, 0.5 min (editorial-only, no Airportist Score (lastUpdated 2026-07-07))
[2026-07-10T09:12:08.514Z] ↻ BHX attempt 1 failed, retrying: model output failed schema validation: amenities.0.category: Invalid option: expected one of "food"|"lounge"|"wifi"|"family"|"accessibility"|"transport"|"shopping"|"sleep"
[2026-07-10T09:12:21.497Z] ✅ [24/105] CTU — Airportist Score 6.8, 37 web sources, 0.4 min (editorial-only, no Airportist Score (lastUpdated 2026-07-07))
[2026-07-10T09:12:24.284Z] ✅ [25/105] GVA — Airportist Score 7.8, 44 web sources, 0.6 min (editorial-only, no Airportist Score (lastUpdated 2026-07-07))
[2026-07-10T09:12:33.230Z] ↻ BHX attempt 2 failed, retrying: model output failed schema validation: amenities.0.category: Invalid option: expected one of "food"|"lounge"|"wifi"|"family"|"accessibility"|"transport"|"shopping"|"sleep"
[2026-07-10T09:12:48.973Z] ✅ [26/105] DTW — Airportist Score 7.6, 54 web sources, 0.5 min (editorial-only, no Airportist Score (lastUpdated 2026-07-07))
[2026-07-10T09:13:00.171Z] ✅ [27/105] BHX — Airportist Score 7.2, 39 web sources, 0.4 min (editorial-only, no Airportist Score (lastUpdated 2026-07-07))
[2026-07-10T09:13:01.956Z] ↻ GIG attempt 1 failed, retrying: model output failed schema validation: amenities.5.category: Invalid option: expected one of "food"|"lounge"|"wifi"|"family"|"accessibility"|"transport"|"shopping"|"sleep"
[2026-07-10T09:13:13.865Z] ✅ [28/105] IAH — Airportist Score 7.2, 40 web sources, 0.4 min (editorial-only, no Airportist Score (lastUpdated 2026-07-07))
[2026-07-10T09:13:39.548Z] ✅ [29/105] JED — Airportist Score 7.3, 40 web sources, 0.7 min (editorial-only, no Airportist Score (lastUpdated 2026-07-07))
[2026-07-10T09:13:40.412Z] ✅ [30/105] GIG — Airportist Score 7.2, 41 web sources, 0.6 min (editorial-only, no Airportist Score (lastUpdated 2026-07-07))
[2026-07-10T09:13:50.558Z] ✅ [31/105] JNB — Airportist Score 7.2, 51 web sources, 0.6 min (editorial-only, no Airportist Score (lastUpdated 2026-07-07))
[2026-07-10T09:14:05.805Z] ✅ [32/105] GLA — Airportist Score 7.2, 41 web sources, 0.4 min (editorial-only, no Airportist Score (lastUpdated 2026-07-08))
[2026-07-10T09:14:13.332Z] ✅ [33/105] ATH — Airportist Score 7.2, 48 web sources, 0.6 min (editorial-only, no Airportist Score (lastUpdated 2026-07-08))
[2026-07-10T09:14:23.956Z] ↻ BOS attempt 1 failed, retrying: model output failed schema validation: amenities.0.category: Invalid option: expected one of "food"|"lounge"|"wifi"|"family"|"accessibility"|"transport"|"shopping"|"sleep"; amenities.3.category: Invalid option: expected one of "food"|"lounge"|"wifi"|"family"|"accessibility"|"transport"|"shopping"|"sleep"
[2026-07-10T09:14:34.167Z] ↻ BUD attempt 1 failed, retrying: model output failed schema validation: amenities.1.category: Invalid option: expected one of "food"|"lounge"|"wifi"|"family"|"accessibility"|"transport"|"shopping"|"sleep"
[2026-07-10T09:14:34.928Z] ✅ [34/105] DUB — Airportist Score 7.2, 35 web sources, 0.4 min (editorial-only, no Airportist Score (lastUpdated 2026-07-08))
[2026-07-10T09:14:53.540Z] ✅ [35/105] BOS — Airportist Score 7.2, 42 web sources, 0.5 min (editorial-only, no Airportist Score (lastUpdated 2026-07-08))
[2026-07-10T09:15:02.473Z] ✅ [36/105] BUD — Airportist Score 7.3, 46 web sources, 0.5 min (editorial-only, no Airportist Score (lastUpdated 2026-07-08))
[2026-07-10T09:15:04.075Z] ↻ EDI attempt 1 failed, retrying: model output failed schema validation: amenities.0.category: Invalid option: expected one of "food"|"lounge"|"wifi"|"family"|"accessibility"|"transport"|"shopping"|"sleep"; transport.0.type: Invalid option: expected one of "train"|"metro"|"bus"|"taxi"|"rideshare"|"parking"
[2026-07-10T09:15:22.947Z] ↻ FCO attempt 1 failed, retrying: model output failed schema validation: amenities.1.category: Invalid option: expected one of "food"|"lounge"|"wifi"|"family"|"accessibility"|"transport"|"shopping"|"sleep"
[2026-07-10T09:15:30.571Z] ✅ [37/105] LGW — Airportist Score 7.2, 35 web sources, 0.5 min (editorial-only, no Airportist Score (lastUpdated 2026-07-08))
[2026-07-10T09:15:31.937Z] ↻ EDI attempt 2 failed, retrying: model output failed schema validation: transport.0.type: Invalid option: expected one of "train"|"metro"|"bus"|"taxi"|"rideshare"|"parking"
[2026-07-10T09:15:52.378Z] ✅ [38/105] FCO — Airportist Score 7.2, 53 web sources, 0.5 min (editorial-only, no Airportist Score (lastUpdated 2026-07-08))
[2026-07-10T09:15:56.987Z] ✅ [39/105] LIS — Airportist Score 7.2, 44 web sources, 0.4 min (editorial-only, no Airportist Score (lastUpdated 2026-07-08))
[2026-07-10T09:15:59.615Z] ❌ EDI failed after 3 attempts: model output failed schema validation: transport.0.type: Invalid option: expected one of "train"|"metro"|"bus"|"taxi"|"rideshare"|"parking"
[2026-07-10T09:16:24.147Z] ↻ DUS attempt 1 failed, retrying: model output failed schema validation: amenities.0.category: Invalid option: expected one of "food"|"lounge"|"wifi"|"family"|"accessibility"|"transport"|"shopping"|"sleep"
[2026-07-10T09:16:25.287Z] ✅ [41/105] WUH — Airportist Score 7.2, 47 web sources, 0.5 min (editorial-only, no Airportist Score (lastUpdated 2026-07-08))
[2026-07-10T09:16:29.131Z] ↻ NCE attempt 1 failed, retrying: model output failed schema validation: waterOptions.0.zone: Invalid option: expected one of "airside"|"landside"; transport.0.type: Invalid option: expected one of "train"|"metro"|"bus"|"taxi"|"rideshare"|"parking"
[2026-07-10T09:16:50.651Z] ✅ [42/105] DUS — Airportist Score 7.3, 45 web sources, 0.4 min (editorial-only, no Airportist Score (lastUpdated 2026-07-08))
[2026-07-10T09:16:55.045Z] ↻ NCE attempt 2 failed, retrying: model output failed schema validation: transport.0.type: Invalid option: expected one of "train"|"metro"|"bus"|"taxi"|"rideshare"|"parking"
[2026-07-10T09:16:56.408Z] ✅ [43/105] PRG — Airportist Score 7.3, 59 web sources, 0.5 min (editorial-only, no Airportist Score (lastUpdated 2026-07-08))
[2026-07-10T09:17:18.900Z] Starting rebuild of 63 airports via xai/grok-4.5 (concurrency 3)
[2026-07-10T09:17:20.161Z] ↻ EDI attempt 1 failed, retrying: Bad Request
[2026-07-10T09:17:44.167Z] ✅ [1/63] NCE — Airportist Score 7.3, 45 web sources, 0.4 min (editorial-only, no Airportist Score (lastUpdated 2026-07-08))
[2026-07-10T09:17:47.392Z] ↻ TPA attempt 1 failed, retrying: model output failed schema validation: amenities.3.category: Invalid option: expected one of "food"|"lounge"|"wifi"|"family"|"accessibility"|"transport"|"shopping"|"sleep"
[2026-07-10T09:17:52.652Z] ↻ EDI attempt 2 failed, retrying: model output failed schema validation: amenities.0.category: Invalid option: expected one of "food"|"lounge"|"wifi"|"family"|"accessibility"|"transport"|"shopping"|"sleep"
[2026-07-10T09:17:54.391Z] ❌ EDI failed after 3 attempts: Bad Request
[2026-07-10T09:18:08.130Z] ✅ [3/63] LIM — Airportist Score 7.2, 38 web sources, 0.4 min (editorial-only, no Airportist Score (lastUpdated 2026-07-08))
[2026-07-10T09:18:17.258Z] ✅ [4/63] TPA — Airportist Score 7.6, 44 web sources, 0.5 min (editorial-only, no Airportist Score (lastUpdated 2026-07-08))
[2026-07-10T09:18:24.743Z] ✅ [5/63] MAN — Airportist Score 7.2, 50 web sources, 0.5 min (editorial-only, no Airportist Score (lastUpdated 2026-07-08))
[2026-07-10T09:18:33.929Z] ✅ [6/63] PMI — Airportist Score 7.2, 31 web sources, 0.4 min (editorial-only, no Airportist Score (lastUpdated 2026-07-08))
[2026-07-10T09:18:47.046Z] ↻ SAW attempt 1 failed, retrying: model output failed schema validation: amenities.1.category: Invalid option: expected one of "food"|"lounge"|"wifi"|"family"|"accessibility"|"transport"|"shopping"|"sleep"
[2026-07-10T09:18:51.372Z] ✅ [7/63] SHA — Airportist Score 7.8, 43 web sources, 0.4 min (editorial-only, no Airportist Score (lastUpdated 2026-07-08))
[2026-07-10T09:19:06.356Z] ✅ [8/63] SLC — Airportist Score 7.6, 70 web sources, 0.5 min (editorial-only, no Airportist Score (lastUpdated 2026-07-08))
[2026-07-10T09:19:17.794Z] ✅ [9/63] SAW — Airportist Score 7.2, 48 web sources, 0.5 min (editorial-only, no Airportist Score (lastUpdated 2026-07-08))
[2026-07-10T09:19:18.167Z] ↻ MSP attempt 1 failed, retrying: model output failed schema validation: amenities.0.category: Invalid option: expected one of "food"|"lounge"|"wifi"|"family"|"accessibility"|"transport"|"shopping"|"sleep"; amenities.3.category: Invalid option: expected one of "food"|"lounge"|"wifi"|"family"|"accessibility"|"transport"|"shopping"|"sleep"; amenities.4.category: Invalid option: expected one of "food"|"lounge"|"wifi"|"family"|"accessibility"|"transport"|"shopping"|"sleep"
[2026-07-10T09:19:36.097Z] ↻ MXP attempt 1 failed, retrying: model output failed schema validation: amenities.3.category: Invalid option: expected one of "food"|"lounge"|"wifi"|"family"|"accessibility"|"transport"|"shopping"|"sleep"
[2026-07-10T09:19:43.988Z] ✅ [10/63] OSL — Airportist Score 7.3, 28 web sources, 0.4 min (editorial-only, no Airportist Score (lastUpdated 2026-07-08))
[2026-07-10T09:19:47.981Z] ↻ MSP attempt 2 failed, retrying: model output failed schema validation: amenities.0.category: Invalid option: expected one of "food"|"lounge"|"wifi"|"family"|"accessibility"|"transport"|"shopping"|"sleep"
[2026-07-10T09:20:07.563Z] ✅ [11/63] MXP — Airportist Score 7.2, 41 web sources, 0.5 min (editorial-only, no Airportist Score (lastUpdated 2026-07-08))
[2026-07-10T09:20:14.282Z] ↻ ITH attempt 1 failed, retrying: model output failed schema validation: lounges: Too small: expected array to have >=2 items
[2026-07-10T09:20:15.836Z] ❌ MSP failed after 3 attempts: model output failed schema validation: amenities.0.category: Invalid option: expected one of "food"|"lounge"|"wifi"|"family"|"accessibility"|"transport"|"shopping"|"sleep"
[2026-07-10T09:20:40.510Z] ↻ STR attempt 1 failed, retrying: model output failed schema validation: amenities.1.category: Invalid option: expected one of "food"|"lounge"|"wifi"|"family"|"accessibility"|"transport"|"shopping"|"sleep"
[2026-07-10T09:20:40.560Z] ↻ PSC attempt 1 failed, retrying: model output failed schema validation: lounges: Too small: expected array to have >=2 items
[2026-07-10T09:20:49.417Z] ✅ [13/63] ITH — Airportist Score 7.2, 26 web sources, 0.6 min (editorial-only, no Airportist Score (lastUpdated 2026-07-08))
[2026-07-10T09:21:18.221Z] Starting rebuild of 52 airports via xai/grok-4.5 (concurrency 3)
[2026-07-10T09:21:40.817Z] ↻ PSC attempt 1 failed, retrying: model output failed schema validation: lounges: Too small: expected array to have >=2 items
[2026-07-10T09:21:45.919Z] ✅ [1/52] EDI — Airportist Score 7.3, 53 web sources, 0.5 min (editorial-only, no Airportist Score (lastUpdated 2026-07-08))
[2026-07-10T09:21:54.926Z] ✅ [2/52] MSP — Airportist Score 8.2, 42 web sources, 0.6 min (editorial-only, no Airportist Score (lastUpdated 2026-07-08))
[2026-07-10T09:22:08.796Z] ✅ [3/52] PSC — Airportist Score 6.8, 36 web sources, 0.5 min (editorial-only, no Airportist Score (lastUpdated 2026-07-09))
[2026-07-10T09:22:15.062Z] ✅ [4/52] STR — Airportist Score 7.3, 41 web sources, 0.5 min (editorial-only, no Airportist Score (lastUpdated 2026-07-09))
[2026-07-10T09:22:20.934Z] ↻ KRK attempt 1 failed, retrying: model output failed schema validation: lounges: Too small: expected array to have >=2 items
[2026-07-10T09:22:26.085Z] ↻ KKK attempt 1 failed, retrying: model output failed schema validation: lounges: Too small: expected array to have >=2 items; waterOptions: Too small: expected array to have >=2 items; loungesAmenities: Too small: expected array to have >=3 items; transport: Too small: expected array to have >=2 items
[2026-07-10T09:22:35.720Z] ↻ AAA attempt 1 failed, retrying: model output failed schema validation: lounges: Too small: expected array to have >=2 items; waterOptions: Too small: expected array to have >=2 items; loungesAmenities: Too small: expected array to have >=3 items
[2026-07-10T09:22:48.355Z] ✅ [5/52] KRK — Airportist Score 7.2, 42 web sources, 0.5 min (editorial-only, no Airportist Score (lastUpdated 2026-07-09))
[2026-07-10T09:22:51.837Z] ↻ KKK attempt 2 failed, retrying: model output failed schema validation: transport.0.type: Invalid option: expected one of "train"|"metro"|"bus"|"taxi"|"rideshare"|"parking"
[2026-07-10T09:23:03.525Z] ✅ [6/52] AAA — Airportist Score 4.2, 24 web sources, 0.5 min (editorial-only, no Airportist Score (lastUpdated 2026-07-09))
[2026-07-10T09:23:13.967Z] ❌ KKK failed after 3 attempts: model output failed schema validation: lounges: Too small: expected array to have >=2 items; waterOptions: Too small: expected array to have >=2 items; loungesAmenities: Too small: expected array to have >=3 items; groundTransport: Too small: expected array to have >=3 items
[2026-07-10T09:23:21.105Z] ✅ [8/52] LHR — Airportist Score 7.3, 41 web sources, 0.5 min (scored, refreshing guide (lastUpdated 2026-06-21))
[2026-07-10T09:23:36.687Z] ✅ [9/52] HND — Airportist Score 8.2, 41 web sources, 0.6 min (scored, refreshing guide (lastUpdated 2026-07-01))
[2026-07-10T09:23:41.637Z] ✅ [10/52] ATL — Airportist Score 7.3, 40 web sources, 0.5 min (scored, refreshing guide (lastUpdated 2026-07-04))
[2026-07-10T09:23:50.147Z] ✅ [11/52] CDG — Airportist Score 7.2, 41 web sources, 0.5 min (scored, refreshing guide (lastUpdated 2026-07-04))
[2026-07-10T09:24:05.364Z] ✅ [12/52] FRA — Airportist Score 7.6, 43 web sources, 0.5 min (scored, refreshing guide (lastUpdated 2026-07-04))
[2026-07-10T09:24:09.734Z] ✅ [13/52] SIN — Airportist Score 9.2, 42 web sources, 0.5 min (scored, refreshing guide (lastUpdated 2026-07-04))
[2026-07-10T09:24:21.787Z] ✅ [14/52] ORD — Airportist Score 7.2, 43 web sources, 0.5 min (scored, refreshing guide (lastUpdated 2026-07-04))
[2026-07-10T09:24:33.047Z] ✅ [15/52] DEL — Airportist Score 7.2, 42 web sources, 0.5 min (scored, refreshing guide (lastUpdated 2026-07-08))
[2026-07-10T09:24:37.683Z] ✅ [16/52] JFK — Airportist Score 7.2, 29 web sources, 0.5 min (scored, refreshing guide (lastUpdated 2026-07-08))
[2026-07-10T09:24:50.758Z] ✅ [17/52] LAX — Airportist Score 7.2, 45 web sources, 0.5 min (scored, refreshing guide (lastUpdated 2026-07-08))
[2026-07-10T09:25:02.037Z] ✅ [18/52] IST — Airportist Score 7.3, 48 web sources, 0.5 min (scored, refreshing guide (lastUpdated 2026-07-08))
[2026-07-10T09:25:06.858Z] ✅ [19/52] DXB — Airportist Score 7.8, 46 web sources, 0.5 min (scored, refreshing guide (lastUpdated 2026-07-08))
[2026-07-10T09:25:16.076Z] ✅ [20/52] DFW — Airportist Score 7.3, 35 web sources, 0.4 min (scored, refreshing guide (lastUpdated 2026-07-08))
[2026-07-10T09:25:30.994Z] ✅ [21/52] DEN — Airportist Score 7.6, 47 web sources, 0.5 min (scored, refreshing guide (lastUpdated 2026-07-08))
[2026-07-10T09:25:43.912Z] ✅ [22/52] CLT — Airportist Score 7.3, 36 web sources, 0.5 min (scored, refreshing guide (lastUpdated 2026-07-09))
[2026-07-10T09:25:49.132Z] ✅ [23/52] BOM — Airportist Score 7.2, 31 web sources, 0.7 min (scored, refreshing guide (lastUpdated 2026-07-09))
[2026-07-10T09:26:02.342Z] ✅ [24/52] DOH — Airportist Score 8.7, 29 web sources, 0.5 min (scored, refreshing guide (lastUpdated 2026-07-09))
[2026-07-10T09:26:15.296Z] ✅ [25/52] LAS — Airportist Score 7.2, 35 web sources, 0.5 min (scored, refreshing guide (lastUpdated 2026-07-09))
[2026-07-10T09:26:18.530Z] ✅ [26/52] EWR — Airportist Score 7.2, 45 web sources, 0.5 min (scored, refreshing guide (lastUpdated 2026-07-09))
[2026-07-10T09:26:33.643Z] ✅ [27/52] HKG — Airportist Score 7.8, 38 web sources, 0.5 min (scored, refreshing guide (lastUpdated 2026-07-09))
[2026-07-10T09:26:41.632Z] ✅ [28/52] KUL — Airportist Score 7.3, 54 web sources, 0.4 min (scored, refreshing guide (lastUpdated 2026-07-09))
[2026-07-10T09:26:57.105Z] ✅ [29/52] MAD — Airportist Score 7.3, 46 web sources, 0.6 min (scored, refreshing guide (lastUpdated 2026-07-09))
[2026-07-10T09:26:58.113Z] ✅ [30/52] AMS — Airportist Score 7.3, 46 web sources, 0.4 min (scored, refreshing guide (lastUpdated 2026-07-09))
[2026-07-10T09:27:14.000Z] ✅ [31/52] MUC — Airportist Score 7.8, 36 web sources, 0.5 min (scored, refreshing guide (lastUpdated 2026-07-09))
[2026-07-10T09:27:25.282Z] ✅ [32/52] PHX — Airportist Score 7.3, 31 web sources, 0.5 min (scored, refreshing guide (lastUpdated 2026-07-09))
[2026-07-10T09:27:36.321Z] ✅ [33/52] PVG — Airportist Score 7.2, 46 web sources, 0.6 min (scored, refreshing guide (lastUpdated 2026-07-09))
[2026-07-10T09:27:42.806Z] ✅ [34/52] SFO — Airportist Score 7.3, 55 web sources, 0.5 min (scored, refreshing guide (lastUpdated 2026-07-09))
[2026-07-10T09:27:55.074Z] ✅ [35/52] SEA — Airportist Score 7.3, 52 web sources, 0.5 min (scored, refreshing guide (lastUpdated 2026-07-09))
[2026-07-10T09:28:08.971Z] ✅ [36/52] SVO — Airportist Score 6.8, 60 web sources, 0.5 min (scored, refreshing guide (lastUpdated 2026-07-09))
[2026-07-10T09:28:19.945Z] ✅ [37/52] SYD — Airportist Score 7.3, 42 web sources, 0.6 min (scored, refreshing guide (lastUpdated 2026-07-09))
[2026-07-10T09:28:20.981Z] ✅ [38/52] YYZ — Airportist Score 7.3, 44 web sources, 0.4 min (scored, refreshing guide (lastUpdated 2026-07-09))
[2026-07-10T09:28:37.163Z] ✅ [39/52] CGK — Airportist Score 7.2, 47 web sources, 0.5 min (scored, refreshing guide (lastUpdated 2026-07-09))
[2026-07-10T09:28:44.600Z] ✅ [40/52] MEX — Airportist Score 7.2, 35 web sources, 0.4 min (scored, refreshing guide (lastUpdated 2026-07-09))
[2026-07-10T09:28:52.141Z] ✅ [41/52] ICN — Airportist Score 7.8, 42 web sources, 0.5 min (scored, refreshing guide (lastUpdated 2026-07-09))
[2026-07-10T09:29:14.285Z] ✅ [42/52] MCO — Airportist Score 7.2, 44 web sources, 0.6 min (scored, refreshing guide (lastUpdated 2026-07-09))
[2026-07-10T09:29:17.191Z] ✅ [43/52] SZX — Airportist Score 7.2, 40 web sources, 0.4 min (scored, refreshing guide (lastUpdated 2026-07-09))
[2026-07-10T09:29:18.734Z] ✅ [44/52] BCN — Airportist Score 7.2, 45 web sources, 0.6 min (scored, refreshing guide (lastUpdated 2026-07-09))
[2026-07-10T09:29:39.738Z] ↻ GDN attempt 1 failed, retrying: model output failed schema validation: lounges: Too small: expected array to have >=2 items
[2026-07-10T09:29:47.159Z] ✅ [45/52] PEK — Airportist Score 6.8, 38 web sources, 0.5 min (scored, refreshing guide (lastUpdated 2026-07-09))
[2026-07-10T09:29:50.833Z] ✅ [46/52] GRU — Airportist Score 7.2, 43 web sources, 0.6 min (scored, refreshing guide (lastUpdated 2026-07-09))
[2026-07-10T09:30:08.084Z] ✅ [47/52] GDN — Airportist Score 7.3, 47 web sources, 0.5 min (scored, refreshing guide (lastUpdated 2026-07-09))
[2026-07-10T09:30:10.576Z] ✅ [48/52] KTW — Airportist Score 7.2, 33 web sources, 0.4 min (scored, refreshing guide (lastUpdated 2026-07-09))
[2026-07-10T09:30:15.517Z] ↻ AIO attempt 1 failed, retrying: model output failed schema validation: lounges: Too small: expected array to have >=2 items; waterOptions: Too small: expected array to have >=2 items; securityTips: Too small: expected array to have >=3 items; loungesAmenities: Too small: expected array to have >=3 items
[2026-07-10T09:30:34.925Z] ✅ [49/52] CAN — Airportist Score 7.2, 28 web sources, 0.4 min (scored, refreshing guide (lastUpdated 2026-07-09))
[2026-07-10T09:30:36.237Z] ✅ [50/52] MIA — Airportist Score 7.2, 30 web sources, 0.4 min (scored, refreshing guide (lastUpdated 2026-07-09))
[2026-07-10T09:30:41.805Z] ✅ [51/52] AIO — Airportist Score 4.2, 22 web sources, 0.4 min (scored, refreshing guide (lastUpdated 2026-07-09))
[2026-07-10T09:31:06.878Z] ✅ [52/52] BKK — Airportist Score 7.2, 38 web sources, 0.5 min (scored, refreshing guide (lastUpdated 2026-07-09))
[2026-07-10T09:31:06.890Z] Done: 51/52 rebuilt, 1 failed, 1,603,506 tokens used
[2026-07-10T09:31:06.891Z] Failed airports: KKK
