[2026-07-11T17:11:37.537Z] Seeded AAA: 2 lounges
[2026-07-11T17:11:37.576Z] Seeded AGP: 2 lounges
[2026-07-11T17:11:37.621Z] Seeded AIO: 2 lounges
[2026-07-11T17:11:37.688Z] Seeded AMS: 4 lounges
[2026-07-11T17:11:37.740Z] Seeded ARN: 3 lounges
[2026-07-11T17:11:37.794Z] Seeded ATH: 4 lounges
[2026-07-11T17:11:37.877Z] Seeded ATL: 3 lounges
[2026-07-11T17:11:37.934Z] Seeded AUH: 4 lounges
[2026-07-11T17:11:37.991Z] Seeded AUS: 4 lounges
[2026-07-11T17:11:38.047Z] Seeded BCN: 4 lounges
[2026-07-11T17:11:38.092Z] Seeded BER: 3 lounges
[2026-07-11T17:11:38.137Z] Seeded BHX: 3 lounges
[2026-07-11T17:11:38.182Z] Seeded BKK: 3 lounges
[2026-07-11T17:11:38.236Z] Seeded BOG: 4 lounges
[2026-07-11T17:11:38.287Z] Seeded BOM: 4 lounges
[2026-07-11T17:11:38.338Z] Seeded BOS: 4 lounges
[2026-07-11T17:11:38.383Z] Seeded BRU: 3 lounges
[2026-07-11T17:11:38.436Z] Seeded BUD: 4 lounges
[2026-07-11T17:11:38.481Z] Seeded CAI: 3 lounges
[2026-07-11T17:11:38.520Z] Seeded CAN: 2 lounges
[2026-07-11T17:11:38.564Z] Seeded CDG: 3 lounges
[2026-07-11T17:11:38.611Z] Seeded CGK: 3 lounges
[2026-07-11T17:11:38.648Z] Seeded CGN: 2 lounges
[2026-07-11T17:11:38.693Z] Seeded CLT: 3 lounges
[2026-07-11T17:11:38.747Z] Seeded CPH: 4 lounges
[2026-07-11T17:11:38.792Z] Seeded CTU: 3 lounges
[2026-07-11T17:11:38.835Z] Seeded CUN: 3 lounges
[2026-07-11T17:11:38.880Z] Seeded DEL: 3 lounges
[2026-07-11T17:11:38.932Z] Seeded DEN: 4 lounges
[2026-07-11T17:11:38.987Z] Seeded DFW: 4 lounges
[2026-07-11T17:11:39.040Z] Seeded DOH: 4 lounges
[2026-07-11T17:11:39.094Z] Seeded DTW: 4 lounges
[2026-07-11T17:11:39.145Z] Seeded DUB: 4 lounges
[2026-07-11T17:11:39.196Z] Seeded DUS: 4 lounges
[2026-07-11T17:11:39.242Z] Seeded DXB: 3 lounges
[2026-07-11T17:11:39.295Z] Seeded EDI: 4 lounges
[2026-07-11T17:11:39.347Z] Seeded EWR: 4 lounges
[2026-07-11T17:11:39.403Z] Seeded FCO: 4 lounges
[2026-07-11T17:11:39.448Z] Seeded FRA: 3 lounges
[2026-07-11T17:11:39.486Z] Seeded GDN: 2 lounges
[2026-07-11T17:11:39.531Z] Seeded GIG: 3 lounges
[2026-07-11T17:11:39.576Z] Seeded GLA: 3 lounges
[2026-07-11T17:11:39.626Z] Seeded GRU: 4 lounges
[2026-07-11T17:11:39.679Z] Seeded GVA: 4 lounges
[2026-07-11T17:11:39.723Z] Seeded HAM: 3 lounges
[2026-07-11T17:11:39.782Z] Seeded HEL: 5 lounges
[2026-07-11T17:11:39.837Z] Seeded HKG: 4 lounges
[2026-07-11T17:11:39.889Z] Seeded HND: 4 lounges
[2026-07-11T17:11:39.940Z] Seeded IAH: 4 lounges
[2026-07-11T17:11:39.993Z] Seeded ICN: 4 lounges
[2026-07-11T17:11:40.042Z] Seeded IST: 3 lounges
[2026-07-11T17:11:40.080Z] Seeded ITH: 2 lounges
[2026-07-11T17:11:40.132Z] Seeded JED: 4 lounges
[2026-07-11T17:11:40.184Z] Seeded JFK: 4 lounges
[2026-07-11T17:11:40.234Z] Seeded JNB: 4 lounges
[2026-07-11T17:11:40.270Z] Seeded KIX: 2 lounges
[2026-07-11T17:11:40.304Z] Seeded KRK: 2 lounges
[2026-07-11T17:11:40.344Z] Seeded KTW: 2 lounges
[2026-07-11T17:11:40.388Z] Seeded KUL: 3 lounges
[2026-07-11T17:11:40.440Z] Seeded LAS: 4 lounges
[2026-07-11T17:11:40.499Z] Seeded LAX: 5 lounges
[2026-07-11T17:11:40.550Z] Seeded LGW: 4 lounges
[2026-07-11T17:11:40.601Z] Seeded LHR: 4 lounges
[2026-07-11T17:11:40.646Z] Seeded LIM: 3 lounges
[2026-07-11T17:11:40.694Z] Seeded LIS: 3 lounges
[2026-07-11T17:11:40.748Z] Seeded MAD: 4 lounges
[2026-07-11T17:11:40.800Z] Seeded MAN: 4 lounges
[2026-07-11T17:11:40.842Z] Seeded MCO: 3 lounges
[2026-07-11T17:11:40.885Z] Seeded MEX: 3 lounges
[2026-07-11T17:11:40.938Z] Seeded MIA: 4 lounges
[2026-07-11T17:11:40.993Z] Seeded MSP: 4 lounges
[2026-07-11T17:11:41.043Z] Seeded MUC: 4 lounges
[2026-07-11T17:11:41.096Z] Seeded MXP: 4 lounges
[2026-07-11T17:11:41.147Z] Seeded NCE: 4 lounges
[2026-07-11T17:11:41.196Z] Seeded NRT: 4 lounges
[2026-07-11T17:11:41.253Z] Seeded ORD: 5 lounges
[2026-07-11T17:11:41.299Z] Seeded OSL: 3 lounges
[2026-07-11T17:11:41.342Z] Seeded PEK: 3 lounges
[2026-07-11T17:11:41.393Z] Seeded PHL: 4 lounges
[2026-07-11T17:11:41.450Z] Seeded PHX: 5 lounges
[2026-07-11T17:11:41.500Z] Seeded PKX: 4 lounges
[2026-07-11T17:11:41.551Z] Seeded PMI: 4 lounges
[2026-07-11T17:11:41.595Z] Seeded PRG: 3 lounges
[2026-07-11T17:11:41.631Z] Seeded PSC: 2 lounges
[2026-07-11T17:11:41.674Z] Seeded PVG: 3 lounges
[2026-07-11T17:11:41.718Z] Seeded RDU: 3 lounges
[2026-07-11T17:11:41.771Z] Seeded RUH: 4 lounges
[2026-07-11T17:11:41.822Z] Seeded SAN: 4 lounges
[2026-07-11T17:11:41.872Z] Seeded SAW: 4 lounges
[2026-07-11T17:11:41.923Z] Seeded SCL: 4 lounges
[2026-07-11T17:11:41.973Z] Seeded SEA: 4 lounges
[2026-07-11T17:11:42.027Z] Seeded SFO: 4 lounges
[2026-07-11T17:11:42.069Z] Seeded SHA: 3 lounges
[2026-07-11T17:11:42.123Z] Seeded SIN: 4 lounges
[2026-07-11T17:11:42.174Z] Seeded SLC: 4 lounges
[2026-07-11T17:11:42.209Z] Seeded STN: 2 lounges
[2026-07-11T17:11:42.253Z] Seeded STR: 3 lounges
[2026-07-11T17:11:42.297Z] Seeded SVO: 3 lounges
[2026-07-11T17:11:42.350Z] Seeded SYD: 4 lounges
[2026-07-11T17:11:42.388Z] Seeded SZX: 2 lounges
[2026-07-11T17:11:42.433Z] Seeded TLV: 3 lounges
[2026-07-11T17:11:42.481Z] Seeded TPA: 3 lounges
[2026-07-11T17:11:42.525Z] Seeded TPE: 3 lounges
[2026-07-11T17:11:42.570Z] Seeded VIE: 3 lounges
[2026-07-11T17:11:42.619Z] Seeded WAW: 3 lounges
[2026-07-11T17:11:42.665Z] Seeded WUH: 3 lounges
[2026-07-11T17:11:42.718Z] Seeded YYZ: 4 lounges
[2026-07-11T17:11:42.763Z] Seeded ZRH: 3 lounges
[2026-07-11T17:11:42.997Z] ✅ Seeded 371 lounges across 108 airports
