[2026-07-12T14:48:17.962Z] grok assignment failed (Error: grok exited with code 1: Error: Internal error: {
  "message": "API error (status 402 Payment Required): Grok Build usage balance exhausted\n\nRequest URL: https://cli-chat-proxy.grok.com/v1/responses",
  "http_status": 402
}
); falling back to name matching.
[2026-07-12T14:48:22.302Z] ✅ LHR: 1 lounge photos live across 1 lounges.
[2026-07-12T14:49:35.683Z] grok assignment failed (Error: grok exited with code 1: Error: Internal error: {
  "message": "API error (status 402 Payment Required): Grok Build usage balance exhausted\n\nRequest URL: https://cli-chat-proxy.grok.com/v1/responses",
  "http_status": 402
}
); trying pi.
[2026-07-12T14:49:41.611Z] ZRH: 1 candidates, none tied to a specific lounge.
[2026-07-12T14:49:55.051Z] AGP: no licensed Commons candidates, skipping.
[2026-07-12T14:50:05.710Z] grok assignment failed (Error: grok exited with code 1: Error: Internal error: {
  "message": "API error (status 402 Payment Required): Grok Build usage balance exhausted\n\nRequest URL: https://cli-chat-proxy.grok.com/v1/responses",
  "http_status": 402
}
); trying pi.
[2026-07-12T14:50:44.425Z] ✅ AMS: 8 lounge photos live across 3 lounges.
[2026-07-12T14:50:56.821Z] grok assignment failed (Error: grok exited with code 1: Error: Internal error: {
  "message": "API error (status 402 Payment Required): Grok Build usage balance exhausted\n\nRequest URL: https://cli-chat-proxy.grok.com/v1/responses",
  "http_status": 402
}
); trying pi.
[2026-07-12T14:52:49.767Z] ✅ ARN: 8 lounge photos live across 2 lounges.
[2026-07-12T14:52:56.849Z] grok assignment failed (Error: grok exited with code 1: Error: Internal error: {
  "message": "API error (status 402 Payment Required): Grok Build usage balance exhausted\n\nRequest URL: https://cli-chat-proxy.grok.com/v1/responses",
  "http_status": 402
}
); trying pi.
[2026-07-12T14:53:05.295Z] ATH: 1 candidates, none tied to a specific lounge.
[2026-07-12T14:53:15.771Z] grok assignment failed (Error: grok exited with code 1: Error: Internal error: {
  "message": "API error (status 402 Payment Required): Grok Build usage balance exhausted\n\nRequest URL: https://cli-chat-proxy.grok.com/v1/responses",
  "http_status": 402
}
); trying pi.
[2026-07-12T14:53:32.574Z] ✅ ATL: 3 lounge photos live across 2 lounges.
[2026-07-12T14:53:39.360Z] grok assignment failed (Error: grok exited with code 1: Error: Internal error: {
  "message": "API error (status 402 Payment Required): Grok Build usage balance exhausted\n\nRequest URL: https://cli-chat-proxy.grok.com/v1/responses",
  "http_status": 402
}
); trying pi.
[2026-07-12T14:54:05.003Z] ✅ AUH: 4 lounge photos live across 1 lounges.
[2026-07-12T14:54:10.975Z] grok assignment failed (Error: grok exited with code 1: Error: Internal error: {
  "message": "API error (status 402 Payment Required): Grok Build usage balance exhausted\n\nRequest URL: https://cli-chat-proxy.grok.com/v1/responses",
  "http_status": 402
}
); trying pi.
[2026-07-12T14:54:17.183Z] AUS: 3 candidates, none tied to a specific lounge.
[2026-07-12T14:54:25.226Z] grok assignment failed (Error: grok exited with code 1: Error: Internal error: {
  "message": "API error (status 402 Payment Required): Grok Build usage balance exhausted\n\nRequest URL: https://cli-chat-proxy.grok.com/v1/responses",
  "http_status": 402
}
); trying pi.
[2026-07-12T14:54:50.314Z] ✅ BCN: 1 lounge photos live across 1 lounges.
[2026-07-12T14:54:56.510Z] grok assignment failed (Error: grok exited with code 1: Error: Internal error: {
  "message": "API error (status 402 Payment Required): Grok Build usage balance exhausted\n\nRequest URL: https://cli-chat-proxy.grok.com/v1/responses",
  "http_status": 402
}
); trying pi.
[2026-07-12T14:55:02.685Z] BER: 1 candidates, none tied to a specific lounge.
[2026-07-12T14:55:08.461Z] grok assignment failed (Error: grok exited with code 1: Error: Internal error: {
  "message": "API error (status 402 Payment Required): Grok Build usage balance exhausted\n\nRequest URL: https://cli-chat-proxy.grok.com/v1/responses",
  "http_status": 402
}
); trying pi.
[2026-07-12T14:55:13.494Z] BHX: 1 candidates, none tied to a specific lounge.
[2026-07-12T14:55:26.924Z] grok assignment failed (Error: grok exited with code 1: Error: Internal error: {
  "message": "API error (status 402 Payment Required): Grok Build usage balance exhausted\n\nRequest URL: https://cli-chat-proxy.grok.com/v1/responses",
  "http_status": 402
}
); trying pi.
[2026-07-12T14:55:36.958Z] ✅ BKK: 1 lounge photos live across 1 lounges.
[2026-07-12T14:55:42.190Z] BOG: no licensed Commons candidates, skipping.
[2026-07-12T14:55:50.419Z] grok assignment failed (Error: grok exited with code 1: Error: Internal error: {
  "message": "API error (status 402 Payment Required): Grok Build usage balance exhausted\n\nRequest URL: https://cli-chat-proxy.grok.com/v1/responses",
  "http_status": 402
}
); trying pi.
[2026-07-12T14:55:56.358Z] BOM: 2 candidates, none tied to a specific lounge.
[2026-07-12T14:56:06.271Z] grok assignment failed (Error: grok exited with code 1: Error: Internal error: {
  "message": "API error (status 402 Payment Required): Grok Build usage balance exhausted\n\nRequest URL: https://cli-chat-proxy.grok.com/v1/responses",
  "http_status": 402
}
); trying pi.
[2026-07-12T14:56:47.393Z] ✅ BOS: 4 lounge photos live across 1 lounges.
[2026-07-12T14:56:54.264Z] grok assignment failed (Error: grok exited with code 1: Error: Internal error: {
  "message": "API error (status 402 Payment Required): Grok Build usage balance exhausted\n\nRequest URL: https://cli-chat-proxy.grok.com/v1/responses",
  "http_status": 402
}
); trying pi.
[2026-07-12T14:57:28.160Z] ✅ BRU: 1 lounge photos live across 1 lounges.
[2026-07-12T14:57:35.126Z] grok assignment failed (Error: grok exited with code 1: Error: Internal error: {
  "message": "API error (status 402 Payment Required): Grok Build usage balance exhausted\n\nRequest URL: https://cli-chat-proxy.grok.com/v1/responses",
  "http_status": 402
}
); trying pi.
[2026-07-12T14:57:53.307Z] ✅ BUD: 2 lounge photos live across 2 lounges.
[2026-07-12T14:57:56.258Z] CAI: no licensed Commons candidates, skipping.
[2026-07-12T14:58:07.028Z] grok assignment failed (Error: grok exited with code 1: Error: Internal error: {
  "message": "API error (status 402 Payment Required): Grok Build usage balance exhausted\n\nRequest URL: https://cli-chat-proxy.grok.com/v1/responses",
  "http_status": 402
}
); trying pi.
[2026-07-12T14:58:30.255Z] ✅ CAN: 4 lounge photos live across 1 lounges.
[2026-07-12T14:58:37.991Z] grok assignment failed (Error: grok exited with code 1: Error: Internal error: {
  "message": "API error (status 402 Payment Required): Grok Build usage balance exhausted\n\nRequest URL: https://cli-chat-proxy.grok.com/v1/responses",
  "http_status": 402
}
); trying pi.
[2026-07-12T14:59:00.330Z] ✅ CDG: 4 lounge photos live across 1 lounges.
[2026-07-12T14:59:07.602Z] grok assignment failed (Error: grok exited with code 1: Error: Internal error: {
  "message": "API error (status 402 Payment Required): Grok Build usage balance exhausted\n\nRequest URL: https://cli-chat-proxy.grok.com/v1/responses",
  "http_status": 402
}
); trying pi.
[2026-07-12T14:59:24.038Z] ✅ CGK: 1 lounge photos live across 1 lounges.
[2026-07-12T14:59:29.419Z] grok assignment failed (Error: grok exited with code 1: Error: Internal error: {
  "message": "API error (status 402 Payment Required): Grok Build usage balance exhausted\n\nRequest URL: https://cli-chat-proxy.grok.com/v1/responses",
  "http_status": 402
}
); trying pi.
[2026-07-12T14:59:35.036Z] CGN: 1 candidates, none tied to a specific lounge.
[2026-07-12T14:59:42.690Z] grok assignment failed (Error: grok exited with code 1: Error: Internal error: {
  "message": "API error (status 402 Payment Required): Grok Build usage balance exhausted\n\nRequest URL: https://cli-chat-proxy.grok.com/v1/responses",
  "http_status": 402
}
); trying pi.
[2026-07-12T14:59:48.303Z] CLT: 16 candidates, none tied to a specific lounge.
[2026-07-12T14:59:56.413Z] grok assignment failed (Error: grok exited with code 1: Error: Internal error: {
  "message": "API error (status 402 Payment Required): Grok Build usage balance exhausted\n\nRequest URL: https://cli-chat-proxy.grok.com/v1/responses",
  "http_status": 402
}
); trying pi.
[2026-07-12T15:00:11.461Z] ✅ CPH: 3 lounge photos live across 1 lounges.
[2026-07-12T15:00:20.016Z] grok assignment failed (Error: grok exited with code 1: Error: Internal error: {
  "message": "API error (status 402 Payment Required): Grok Build usage balance exhausted\n\nRequest URL: https://cli-chat-proxy.grok.com/v1/responses",
  "http_status": 402
}
); trying pi.
[2026-07-12T15:00:26.899Z] CTU: 2 candidates, none tied to a specific lounge.
[2026-07-12T15:00:29.205Z] CUN: no licensed Commons candidates, skipping.
[2026-07-12T15:00:37.190Z] grok assignment failed (Error: grok exited with code 1: Error: Internal error: {
  "message": "API error (status 402 Payment Required): Grok Build usage balance exhausted\n\nRequest URL: https://cli-chat-proxy.grok.com/v1/responses",
  "http_status": 402
}
); trying pi.
[2026-07-12T15:00:44.329Z] DEL: 45 candidates, none tied to a specific lounge.
[2026-07-12T15:00:54.636Z] grok assignment failed (Error: grok exited with code 1: Error: Internal error: {
  "message": "API error (status 402 Payment Required): Grok Build usage balance exhausted\n\nRequest URL: https://cli-chat-proxy.grok.com/v1/responses",
  "http_status": 402
}
); trying pi.
[2026-07-12T15:01:01.646Z] DEN: 44 candidates, none tied to a specific lounge.
[2026-07-12T15:01:10.036Z] grok assignment failed (Error: grok exited with code 1: Error: Internal error: {
  "message": "API error (status 402 Payment Required): Grok Build usage balance exhausted\n\nRequest URL: https://cli-chat-proxy.grok.com/v1/responses",
  "http_status": 402
}
); trying pi.
[2026-07-12T15:01:15.143Z] DFW: 2 candidates, none tied to a specific lounge.
[2026-07-12T15:01:24.941Z] grok assignment failed (Error: grok exited with code 1: Error: Internal error: {
  "message": "API error (status 402 Payment Required): Grok Build usage balance exhausted\n\nRequest URL: https://cli-chat-proxy.grok.com/v1/responses",
  "http_status": 402
}
); trying pi.
[2026-07-12T15:01:33.484Z] ✅ DOH: 1 lounge photos live across 1 lounges.
[2026-07-12T15:01:42.014Z] DTW: no licensed Commons candidates, skipping.
[2026-07-12T15:01:45.891Z] DUB: no licensed Commons candidates, skipping.
[2026-07-12T15:01:51.883Z] grok assignment failed (Error: grok exited with code 1: Error: Internal error: {
  "message": "API error (status 402 Payment Required): Grok Build usage balance exhausted\n\nRequest URL: https://cli-chat-proxy.grok.com/v1/responses",
  "http_status": 402
}
); trying pi.
[2026-07-12T15:01:57.147Z] DUS: 1 candidates, none tied to a specific lounge.
[2026-07-12T15:02:03.447Z] DXB: no licensed Commons candidates, skipping.
[2026-07-12T15:02:09.106Z] grok assignment failed (Error: grok exited with code 1: Error: Internal error: {
  "message": "API error (status 402 Payment Required): Grok Build usage balance exhausted\n\nRequest URL: https://cli-chat-proxy.grok.com/v1/responses",
  "http_status": 402
}
); trying pi.
[2026-07-12T15:02:17.361Z] ✅ EDI: 1 lounge photos live across 1 lounges.
[2026-07-12T15:02:24.667Z] grok assignment failed (Error: grok exited with code 1: Error: Internal error: {
  "message": "API error (status 402 Payment Required): Grok Build usage balance exhausted\n\nRequest URL: https://cli-chat-proxy.grok.com/v1/responses",
  "http_status": 402
}
); trying pi.
[2026-07-12T15:03:55.320Z] ✅ EWR: 4 lounge photos live across 1 lounges.
[2026-07-12T15:04:01.891Z] FCO: no licensed Commons candidates, skipping.
[2026-07-12T15:04:14.206Z] grok assignment failed (Error: grok exited with code 1: Error: Internal error: {
  "message": "API error (status 402 Payment Required): Grok Build usage balance exhausted\n\nRequest URL: https://cli-chat-proxy.grok.com/v1/responses",
  "http_status": 402
}
); trying pi.
[2026-07-12T15:04:23.034Z] ✅ FRA: 1 lounge photos live across 1 lounges.
[2026-07-12T15:04:26.184Z] GDN: no licensed Commons candidates, skipping.
[2026-07-12T15:04:31.921Z] GIG: no licensed Commons candidates, skipping.
[2026-07-12T15:04:37.406Z] grok assignment failed (Error: grok exited with code 1: Error: Internal error: {
  "message": "API error (status 402 Payment Required): Grok Build usage balance exhausted\n\nRequest URL: https://cli-chat-proxy.grok.com/v1/responses",
  "http_status": 402
}
); trying pi.
[2026-07-12T15:04:43.561Z] GLA: 2 candidates, none tied to a specific lounge.
[2026-07-12T15:04:59.738Z] grok assignment failed (Error: grok exited with code 1: Error: Internal error: {
  "message": "API error (status 402 Payment Required): Grok Build usage balance exhausted\n\nRequest URL: https://cli-chat-proxy.grok.com/v1/responses",
  "http_status": 402
}
); trying pi.
[2026-07-12T15:05:14.520Z] ✅ GRU: 3 lounge photos live across 1 lounges.
[2026-07-12T15:05:22.921Z] grok assignment failed (Error: grok exited with code 1: Error: Internal error: {
  "message": "API error (status 402 Payment Required): Grok Build usage balance exhausted\n\nRequest URL: https://cli-chat-proxy.grok.com/v1/responses",
  "http_status": 402
}
); trying pi.
[2026-07-12T15:05:32.585Z] ✅ GVA: 1 lounge photos live across 1 lounges.
[2026-07-12T15:05:35.731Z] HAM: no licensed Commons candidates, skipping.
[2026-07-12T15:05:42.141Z] grok assignment failed (Error: grok exited with code 1: Error: Internal error: {
  "message": "API error (status 402 Payment Required): Grok Build usage balance exhausted\n\nRequest URL: https://cli-chat-proxy.grok.com/v1/responses",
  "http_status": 402
}
); trying pi.
[2026-07-12T15:06:05.548Z] ✅ HEL: 4 lounge photos live across 1 lounges.
[2026-07-12T15:06:19.282Z] grok assignment failed (Error: grok exited with code 1: Error: Internal error: {
  "message": "API error (status 402 Payment Required): Grok Build usage balance exhausted\n\nRequest URL: https://cli-chat-proxy.grok.com/v1/responses",
  "http_status": 402
}
); trying pi.
[2026-07-12T15:07:05.954Z] ✅ HKG: 10 lounge photos live across 5 lounges.
[2026-07-12T15:07:22.420Z] grok assignment failed (Error: grok exited with code 1: Error: Internal error: {
  "message": "API error (status 402 Payment Required): Grok Build usage balance exhausted\n\nRequest URL: https://cli-chat-proxy.grok.com/v1/responses",
  "http_status": 402
}
); trying pi.
[2026-07-12T15:07:59.920Z] ✅ HND: 11 lounge photos live across 4 lounges.
[2026-07-12T15:08:05.533Z] IAH: no licensed Commons candidates, skipping.
[2026-07-12T15:08:16.767Z] grok assignment failed (Error: grok exited with code 1: Error: Internal error: {
  "message": "API error (status 402 Payment Required): Grok Build usage balance exhausted\n\nRequest URL: https://cli-chat-proxy.grok.com/v1/responses",
  "http_status": 402
}
); trying pi.
[2026-07-12T15:08:29.481Z] ✅ ICN: 2 lounge photos live across 1 lounges.
[2026-07-12T15:08:40.116Z] grok assignment failed (Error: grok exited with code 1: Error: Internal error: {
  "message": "API error (status 402 Payment Required): Grok Build usage balance exhausted\n\nRequest URL: https://cli-chat-proxy.grok.com/v1/responses",
  "http_status": 402
}
); trying pi.
[2026-07-12T15:08:45.174Z] IST: 10 candidates, none tied to a specific lounge.
[2026-07-12T15:08:48.307Z] JED: no licensed Commons candidates, skipping.
[2026-07-12T15:09:00.224Z] grok assignment failed (Error: grok exited with code 1: Error: Internal error: {
  "message": "API error (status 402 Payment Required): Grok Build usage balance exhausted\n\nRequest URL: https://cli-chat-proxy.grok.com/v1/responses",
  "http_status": 402
}
); trying pi.
[2026-07-12T15:10:19.813Z] ✅ JFK: 7 lounge photos live across 3 lounges.
[2026-07-12T15:10:26.550Z] grok assignment failed (Error: grok exited with code 1: Error: Internal error: {
  "message": "API error (status 402 Payment Required): Grok Build usage balance exhausted\n\nRequest URL: https://cli-chat-proxy.grok.com/v1/responses",
  "http_status": 402
}
); trying pi.
[2026-07-12T15:10:35.152Z] JNB: 6 candidates, none tied to a specific lounge.
[2026-07-12T15:10:42.414Z] grok assignment failed (Error: grok exited with code 1: Error: Internal error: {
  "message": "API error (status 402 Payment Required): Grok Build usage balance exhausted\n\nRequest URL: https://cli-chat-proxy.grok.com/v1/responses",
  "http_status": 402
}
); trying pi.
[2026-07-12T15:12:27.810Z] ✅ KIX: 7 lounge photos live across 2 lounges.
[2026-07-12T15:12:32.188Z] grok assignment failed (Error: grok exited with code 1: Error: Internal error: {
  "message": "API error (status 402 Payment Required): Grok Build usage balance exhausted\n\nRequest URL: https://cli-chat-proxy.grok.com/v1/responses",
  "http_status": 402
}
); trying pi.
[2026-07-12T15:12:37.862Z] KRK: 1 candidates, none tied to a specific lounge.
[2026-07-12T15:12:38.971Z] KTW: no licensed Commons candidates, skipping.
[2026-07-12T15:12:47.706Z] grok assignment failed (Error: grok exited with code 1: Error: Internal error: {
  "message": "API error (status 402 Payment Required): Grok Build usage balance exhausted\n\nRequest URL: https://cli-chat-proxy.grok.com/v1/responses",
  "http_status": 402
}
); trying pi.
[2026-07-12T15:13:02.386Z] KUL: 5 candidates, none tied to a specific lounge.
[2026-07-12T15:13:10.182Z] grok assignment failed (Error: grok exited with code 1: Error: Internal error: {
  "message": "API error (status 402 Payment Required): Grok Build usage balance exhausted\n\nRequest URL: https://cli-chat-proxy.grok.com/v1/responses",
  "http_status": 402
}
); trying pi.
[2026-07-12T15:13:29.420Z] ✅ LAS: 4 lounge photos live across 1 lounges.
[2026-07-12T15:13:41.514Z] grok assignment failed (Error: grok exited with code 1: Error: Internal error: {
  "message": "API error (status 402 Payment Required): Grok Build usage balance exhausted\n\nRequest URL: https://cli-chat-proxy.grok.com/v1/responses",
  "http_status": 402
}
); trying pi.
[2026-07-12T15:13:58.862Z] ✅ LAX: 3 lounge photos live across 2 lounges.
[2026-07-12T15:14:05.610Z] grok assignment failed (Error: grok exited with code 1: Error: Internal error: {
  "message": "API error (status 402 Payment Required): Grok Build usage balance exhausted\n\nRequest URL: https://cli-chat-proxy.grok.com/v1/responses",
  "http_status": 402
}
); trying pi.
[2026-07-12T15:14:14.033Z] ✅ LGW: 1 lounge photos live across 1 lounges.
[2026-07-12T15:14:26.124Z] grok assignment failed (Error: grok exited with code 1: Error: Internal error: {
  "message": "API error (status 402 Payment Required): Grok Build usage balance exhausted\n\nRequest URL: https://cli-chat-proxy.grok.com/v1/responses",
  "http_status": 402
}
); trying pi.
[2026-07-12T15:15:11.601Z] ✅ LHR: 10 lounge photos live across 6 lounges.
[2026-07-12T15:15:17.112Z] grok assignment failed (Error: grok exited with code 1: Error: Internal error: {
  "message": "API error (status 402 Payment Required): Grok Build usage balance exhausted\n\nRequest URL: https://cli-chat-proxy.grok.com/v1/responses",
  "http_status": 402
}
); trying pi.
[2026-07-12T15:15:22.484Z] LIM: 2 candidates, none tied to a specific lounge.
[2026-07-12T15:15:25.511Z] LIS: no licensed Commons candidates, skipping.
[2026-07-12T15:15:29.900Z] MAD: no licensed Commons candidates, skipping.
[2026-07-12T15:15:37.674Z] grok assignment failed (Error: grok exited with code 1: Error: Internal error: {
  "message": "API error (status 402 Payment Required): Grok Build usage balance exhausted\n\nRequest URL: https://cli-chat-proxy.grok.com/v1/responses",
  "http_status": 402
}
); trying pi.
[2026-07-12T15:15:43.633Z] MAN: 22 candidates, none tied to a specific lounge.
[2026-07-12T15:15:47.204Z] MCO: no licensed Commons candidates, skipping.
[2026-07-12T15:15:55.499Z] grok assignment failed (Error: grok exited with code 1: Error: Internal error: {
  "message": "API error (status 402 Payment Required): Grok Build usage balance exhausted\n\nRequest URL: https://cli-chat-proxy.grok.com/v1/responses",
  "http_status": 402
}
); trying pi.
[2026-07-12T15:16:24.689Z] ✅ MEX: 8 lounge photos live across 2 lounges.
[2026-07-12T15:16:32.188Z] grok assignment failed (Error: grok exited with code 1: Error: Internal error: {
  "message": "API error (status 402 Payment Required): Grok Build usage balance exhausted\n\nRequest URL: https://cli-chat-proxy.grok.com/v1/responses",
  "http_status": 402
}
); trying pi.
[2026-07-12T15:16:41.920Z] ✅ MIA: 1 lounge photos live across 1 lounges.
[2026-07-12T15:16:49.806Z] grok assignment failed (Error: grok exited with code 1: Error: Internal error: {
  "message": "API error (status 402 Payment Required): Grok Build usage balance exhausted\n\nRequest URL: https://cli-chat-proxy.grok.com/v1/responses",
  "http_status": 402
}
); trying pi.
[2026-07-12T15:16:55.813Z] MSP: 15 candidates, none tied to a specific lounge.
[2026-07-12T15:17:01.987Z] grok assignment failed (Error: grok exited with code 1: Error: Internal error: {
  "message": "API error (status 402 Payment Required): Grok Build usage balance exhausted\n\nRequest URL: https://cli-chat-proxy.grok.com/v1/responses",
  "http_status": 402
}
); trying pi.
[2026-07-12T15:17:07.969Z] MUC: 6 candidates, none tied to a specific lounge.
[2026-07-12T15:17:11.072Z] MXP: no licensed Commons candidates, skipping.
[2026-07-12T15:17:13.979Z] NCE: no licensed Commons candidates, skipping.
[2026-07-12T15:17:23.600Z] grok assignment failed (Error: grok exited with code 1: Error: Internal error: {
  "message": "API error (status 402 Payment Required): Grok Build usage balance exhausted\n\nRequest URL: https://cli-chat-proxy.grok.com/v1/responses",
  "http_status": 402
}
); trying pi.
[2026-07-12T15:18:06.042Z] ✅ NRT: 9 lounge photos live across 4 lounges.
[2026-07-12T15:18:14.296Z] grok assignment failed (Error: grok exited with code 1: Error: Internal error: {
  "message": "API error (status 402 Payment Required): Grok Build usage balance exhausted\n\nRequest URL: https://cli-chat-proxy.grok.com/v1/responses",
  "http_status": 402
}
); trying pi.
[2026-07-12T15:18:29.044Z] ✅ ORD: 2 lounge photos live across 2 lounges.
[2026-07-12T15:18:35.530Z] grok assignment failed (Error: grok exited with code 1: Error: Internal error: {
  "message": "API error (status 402 Payment Required): Grok Build usage balance exhausted\n\nRequest URL: https://cli-chat-proxy.grok.com/v1/responses",
  "http_status": 402
}
); trying pi.
[2026-07-12T15:19:01.402Z] OSL: 6 candidates, none tied to a specific lounge.
[2026-07-12T15:19:09.702Z] grok assignment failed (Error: grok exited with code 1: Error: Internal error: {
  "message": "API error (status 402 Payment Required): Grok Build usage balance exhausted\n\nRequest URL: https://cli-chat-proxy.grok.com/v1/responses",
  "http_status": 402
}
); trying pi.
[2026-07-12T15:19:34.645Z] ✅ PEK: 4 lounge photos live across 3 lounges.
[2026-07-12T15:19:40.795Z] grok assignment failed (Error: grok exited with code 1: Error: Internal error: {
  "message": "API error (status 402 Payment Required): Grok Build usage balance exhausted\n\nRequest URL: https://cli-chat-proxy.grok.com/v1/responses",
  "http_status": 402
}
); trying pi.
[2026-07-12T15:19:46.644Z] PHL: 8 candidates, none tied to a specific lounge.
[2026-07-12T15:19:54.108Z] grok assignment failed (Error: grok exited with code 1: Error: Internal error: {
  "message": "API error (status 402 Payment Required): Grok Build usage balance exhausted\n\nRequest URL: https://cli-chat-proxy.grok.com/v1/responses",
  "http_status": 402
}
); trying pi.
[2026-07-12T15:20:00.069Z] PHX: 13 candidates, none tied to a specific lounge.
[2026-07-12T15:20:08.824Z] grok assignment failed (Error: grok exited with code 1: Error: Internal error: {
  "message": "API error (status 402 Payment Required): Grok Build usage balance exhausted\n\nRequest URL: https://cli-chat-proxy.grok.com/v1/responses",
  "http_status": 402
}
); trying pi.
[2026-07-12T15:21:04.827Z] ✅ PKX: 5 lounge photos live across 2 lounges.
[2026-07-12T15:21:08.156Z] PMI: no licensed Commons candidates, skipping.
[2026-07-12T15:21:10.417Z] PRG: no licensed Commons candidates, skipping.
[2026-07-12T15:21:22.826Z] grok assignment failed (Error: grok exited with code 1: Error: Internal error: {
  "message": "API error (status 402 Payment Required): Grok Build usage balance exhausted\n\nRequest URL: https://cli-chat-proxy.grok.com/v1/responses",
  "http_status": 402
}
); trying pi.
[2026-07-12T15:21:39.411Z] ✅ PVG: 3 lounge photos live across 2 lounges.
[2026-07-12T15:21:44.805Z] grok assignment failed (Error: grok exited with code 1: Error: Internal error: {
  "message": "API error (status 402 Payment Required): Grok Build usage balance exhausted\n\nRequest URL: https://cli-chat-proxy.grok.com/v1/responses",
  "http_status": 402
}
); trying pi.
[2026-07-12T15:22:58.258Z] ✅ RDU: 4 lounge photos live across 1 lounges.
[2026-07-12T15:23:05.057Z] grok assignment failed (Error: grok exited with code 1: Error: Internal error: {
  "message": "API error (status 402 Payment Required): Grok Build usage balance exhausted\n\nRequest URL: https://cli-chat-proxy.grok.com/v1/responses",
  "http_status": 402
}
); trying pi.
[2026-07-12T15:23:15.828Z] ✅ RUH: 1 lounge photos live across 1 lounges.
[2026-07-12T15:23:24.890Z] grok assignment failed (Error: grok exited with code 1: Error: Internal error: {
  "message": "API error (status 402 Payment Required): Grok Build usage balance exhausted\n\nRequest URL: https://cli-chat-proxy.grok.com/v1/responses",
  "http_status": 402
}
); trying pi.
[2026-07-12T15:23:37.166Z] SAN: 52 candidates, none tied to a specific lounge.
[2026-07-12T15:23:44.182Z] grok assignment failed (Error: grok exited with code 1: Error: Internal error: {
  "message": "API error (status 402 Payment Required): Grok Build usage balance exhausted\n\nRequest URL: https://cli-chat-proxy.grok.com/v1/responses",
  "http_status": 402
}
); trying pi.
[2026-07-12T15:24:01.779Z] ✅ SAW: 3 lounge photos live across 1 lounges.
[2026-07-12T15:24:08.685Z] grok assignment failed (Error: grok exited with code 1: Error: Internal error: {
  "message": "API error (status 402 Payment Required): Grok Build usage balance exhausted\n\nRequest URL: https://cli-chat-proxy.grok.com/v1/responses",
  "http_status": 402
}
); trying pi.
[2026-07-12T15:24:17.064Z] ✅ SCL: 1 lounge photos live across 1 lounges.
[2026-07-12T15:24:26.494Z] grok assignment failed (Error: grok exited with code 1: Error: Internal error: {
  "message": "API error (status 402 Payment Required): Grok Build usage balance exhausted\n\nRequest URL: https://cli-chat-proxy.grok.com/v1/responses",
  "http_status": 402
}
); trying pi.
[2026-07-12T15:24:43.935Z] ✅ SEA: 1 lounge photos live across 1 lounges.
[2026-07-12T15:24:55.260Z] grok assignment failed (Error: grok exited with code 1: Error: Internal error: {
  "message": "API error (status 402 Payment Required): Grok Build usage balance exhausted\n\nRequest URL: https://cli-chat-proxy.grok.com/v1/responses",
  "http_status": 402
}
); trying pi.
[2026-07-12T15:25:12.052Z] ✅ SFO: 2 lounge photos live across 2 lounges.
[2026-07-12T15:25:19.211Z] grok assignment failed (Error: grok exited with code 1: Error: Internal error: {
  "message": "API error (status 402 Payment Required): Grok Build usage balance exhausted\n\nRequest URL: https://cli-chat-proxy.grok.com/v1/responses",
  "http_status": 402
}
); trying pi.
[2026-07-12T15:25:26.921Z] SHA: 40 candidates, none tied to a specific lounge.
[2026-07-12T15:25:36.318Z] grok assignment failed (Error: grok exited with code 1: Error: Internal error: {
  "message": "API error (status 402 Payment Required): Grok Build usage balance exhausted\n\nRequest URL: https://cli-chat-proxy.grok.com/v1/responses",
  "http_status": 402
}
); trying pi.
[2026-07-12T15:25:56.398Z] ✅ SIN: 5 lounge photos live across 3 lounges.
[2026-07-12T15:26:01.643Z] grok assignment failed (Error: grok exited with code 1: Error: Internal error: {
  "message": "API error (status 402 Payment Required): Grok Build usage balance exhausted\n\nRequest URL: https://cli-chat-proxy.grok.com/v1/responses",
  "http_status": 402
}
); trying pi.
[2026-07-12T15:26:07.793Z] SLC: 16 candidates, none tied to a specific lounge.
[2026-07-12T15:26:13.278Z] grok assignment failed (Error: grok exited with code 1: Error: Internal error: {
  "message": "API error (status 402 Payment Required): Grok Build usage balance exhausted\n\nRequest URL: https://cli-chat-proxy.grok.com/v1/responses",
  "http_status": 402
}
); trying pi.
[2026-07-12T15:26:18.412Z] STN: 1 candidates, none tied to a specific lounge.
[2026-07-12T15:26:20.911Z] STR: no licensed Commons candidates, skipping.
[2026-07-12T15:26:27.832Z] grok assignment failed (Error: grok exited with code 1: Error: Internal error: {
  "message": "API error (status 402 Payment Required): Grok Build usage balance exhausted\n\nRequest URL: https://cli-chat-proxy.grok.com/v1/responses",
  "http_status": 402
}
); trying pi.
[2026-07-12T15:26:33.452Z] SVO: 2 candidates, none tied to a specific lounge.
[2026-07-12T15:26:45.850Z] grok assignment failed (Error: grok exited with code 1: Error: Internal error: {
  "message": "API error (status 402 Payment Required): Grok Build usage balance exhausted\n\nRequest URL: https://cli-chat-proxy.grok.com/v1/responses",
  "http_status": 402
}
); trying pi.
[2026-07-12T15:27:45.001Z] ✅ SYD: 14 lounge photos live across 6 lounges.
[2026-07-12T15:27:46.945Z] SZX: no licensed Commons candidates, skipping.
[2026-07-12T15:27:56.685Z] grok assignment failed (Error: grok exited with code 1: Error: Internal error: {
  "message": "API error (status 402 Payment Required): Grok Build usage balance exhausted\n\nRequest URL: https://cli-chat-proxy.grok.com/v1/responses",
  "http_status": 402
}
); trying pi.
[2026-07-12T15:28:51.451Z] ✅ TLV: 2 lounge photos live across 1 lounges.
[2026-07-12T15:28:57.949Z] grok assignment failed (Error: grok exited with code 1: Error: Internal error: {
  "message": "API error (status 402 Payment Required): Grok Build usage balance exhausted\n\nRequest URL: https://cli-chat-proxy.grok.com/v1/responses",
  "http_status": 402
}
); trying pi.
[2026-07-12T15:29:05.759Z] ✅ TPA: 1 lounge photos live across 1 lounges.
[2026-07-12T15:29:14.889Z] grok assignment failed (Error: grok exited with code 1: Error: Internal error: {
  "message": "API error (status 402 Payment Required): Grok Build usage balance exhausted\n\nRequest URL: https://cli-chat-proxy.grok.com/v1/responses",
  "http_status": 402
}
); trying pi.
[2026-07-12T15:29:44.909Z] ✅ TPE: 7 lounge photos live across 3 lounges.
[2026-07-12T15:29:52.118Z] grok assignment failed (Error: grok exited with code 1: Error: Internal error: {
  "message": "API error (status 402 Payment Required): Grok Build usage balance exhausted\n\nRequest URL: https://cli-chat-proxy.grok.com/v1/responses",
  "http_status": 402
}
); trying pi.
[2026-07-12T15:29:57.880Z] VIE: 5 candidates, none tied to a specific lounge.
[2026-07-12T15:30:00.618Z] WAW: no licensed Commons candidates, skipping.
[2026-07-12T15:30:06.969Z] WUH: no licensed Commons candidates, skipping.
[2026-07-12T15:30:17.592Z] grok assignment failed (Error: grok exited with code 1: Error: Internal error: {
  "message": "API error (status 402 Payment Required): Grok Build usage balance exhausted\n\nRequest URL: https://cli-chat-proxy.grok.com/v1/responses",
  "http_status": 402
}
); trying pi.
[2026-07-12T15:30:25.996Z] ✅ YYZ: 1 lounge photos live across 1 lounges.
[2026-07-12T15:30:32.488Z] grok assignment failed (Error: grok exited with code 1: Error: Internal error: {
  "message": "API error (status 402 Payment Required): Grok Build usage balance exhausted\n\nRequest URL: https://cli-chat-proxy.grok.com/v1/responses",
  "http_status": 402
}
); trying pi.
[2026-07-12T15:30:40.024Z] ZRH: 1 candidates, none tied to a specific lounge.
[2026-07-12T15:30:40.024Z] Sweep complete: 188 lounge photos across 104 airports.
